Classic Timing Analyzer report for flipflop
Mon Sep 25 20:43:22 2017
Quartus II Version 9.1 Build 350 03/24/2010 Service Pack 2 SJ Web Edition


---------------------
; Table of Contents ;
---------------------
  1. Legal Notice
  2. Timing Analyzer Summary
  3. Timing Analyzer Settings
  4. Clock Settings Summary
  5. Parallel Compilation
  6. Clock Setup: 'clock'
  7. tsu
  8. th
  9. Timing Analyzer Messages



----------------
; Legal Notice ;
----------------
Copyright (C) 1991-2010 Altera Corporation
Your use of Altera Corporation's design tools, logic functions 
and other software and tools, and its AMPP partner logic 
functions, and any output files from any of the foregoing 
(including device programming or simulation files), and any 
associated documentation or information are expressly subject 
to the terms and conditions of the Altera Program License 
Subscription Agreement, Altera MegaCore Function License 
Agreement, or other applicable license agreement, including, 
without limitation, that your use is for the sole purpose of 
programming logic devices manufactured by Altera and sold by 
Altera or its authorized distributors.  Please refer to the 
applicable agreement for further details.



+------------------------------------------------------------------------------------------------------------------------------------------------------------------------------------------+
; Timing Analyzer Summary                                                                                                                                                                  ;
+------------------------------+-------+---------------+------------------------------------------------+---------------------+---------------------+------------+----------+--------------+
; Type                         ; Slack ; Required Time ; Actual Time                                    ; From                ; To                  ; From Clock ; To Clock ; Failed Paths ;
+------------------------------+-------+---------------+------------------------------------------------+---------------------+---------------------+------------+----------+--------------+
; Worst-case tsu               ; N/A   ; None          ; 4.426 ns                                       ; gnd0                ; flipflop:inst3|temp ; --         ; clock    ; 0            ;
; Worst-case th                ; N/A   ; None          ; -0.582 ns                                      ; reset               ; flipflop:inst3|temp ; --         ; clock    ; 0            ;
; Clock Setup: 'clock'         ; N/A   ; None          ; Restricted to 420.17 MHz ( period = 2.380 ns ) ; flipflop:inst1|temp ; flipflop:inst2|temp ; clock      ; clock    ; 0            ;
; Total number of failed paths ;       ;               ;                                                ;                     ;                     ;            ;          ; 0            ;
+------------------------------+-------+---------------+------------------------------------------------+---------------------+---------------------+------------+----------+--------------+


+-----------------------------------------------------------------------------------------------------------------------------------------------------+
; Timing Analyzer Settings                                                                                                                            ;
+------------------------------------------------------------------------------------------------------+--------------------+------+----+-------------+
; Option                                                                                               ; Setting            ; From ; To ; Entity Name ;
+------------------------------------------------------------------------------------------------------+--------------------+------+----+-------------+
; Device Name                                                                                          ; EP2C35F672C6       ;      ;    ;             ;
; Timing Models                                                                                        ; Final              ;      ;    ;             ;
; Default hold multicycle                                                                              ; Same as Multicycle ;      ;    ;             ;
; Cut paths between unrelated clock domains                                                            ; On                 ;      ;    ;             ;
; Cut off read during write signal paths                                                               ; On                 ;      ;    ;             ;
; Cut off feedback from I/O pins                                                                       ; On                 ;      ;    ;             ;
; Report Combined Fast/Slow Timing                                                                     ; Off                ;      ;    ;             ;
; Ignore Clock Settings                                                                                ; Off                ;      ;    ;             ;
; Analyze latches as synchronous elements                                                              ; On                 ;      ;    ;             ;
; Enable Recovery/Removal analysis                                                                     ; Off                ;      ;    ;             ;
; Enable Clock Latency                                                                                 ; Off                ;      ;    ;             ;
; Use TimeQuest Timing Analyzer                                                                        ; Off                ;      ;    ;             ;
; Minimum Core Junction Temperature                                                                    ; 0                  ;      ;    ;             ;
; Maximum Core Junction Temperature                                                                    ; 85                 ;      ;    ;             ;
; Number of source nodes to report per destination node                                                ; 10                 ;      ;    ;             ;
; Number of destination nodes to report                                                                ; 10                 ;      ;    ;             ;
; Number of paths to report                                                                            ; 200                ;      ;    ;             ;
; Report Minimum Timing Checks                                                                         ; Off                ;      ;    ;             ;
; Use Fast Timing Models                                                                               ; Off                ;      ;    ;             ;
; Report IO Paths Separately                                                                           ; Off                ;      ;    ;             ;
; Perform Multicorner Analysis                                                                         ; On                 ;      ;    ;             ;
; Reports the worst-case path for each clock domain and analysis                                       ; Off                ;      ;    ;             ;
; Reports worst-case timing paths for each clock domain and analysis                                   ; On                 ;      ;    ;             ;
; Specifies the maximum number of worst-case timing paths to report for each clock domain and analysis ; 100                ;      ;    ;             ;
; Removes common clock path pessimism (CCPP) during slack computation                                  ; Off                ;      ;    ;             ;
; Output I/O Timing Endpoint                                                                           ; Near End           ;      ;    ;             ;
+------------------------------------------------------------------------------------------------------+--------------------+------+----+-------------+


+------------------------------------------------------------------------------------------------------------------------------------------------------------------------------------+
; Clock Settings Summary                                                                                                                                                             ;
+-----------------+--------------------+----------+------------------+---------------+--------------+----------+-----------------------+---------------------+--------+--------------+
; Clock Node Name ; Clock Setting Name ; Type     ; Fmax Requirement ; Early Latency ; Late Latency ; Based on ; Multiply Base Fmax by ; Divide Base Fmax by ; Offset ; Phase offset ;
+-----------------+--------------------+----------+------------------+---------------+--------------+----------+-----------------------+---------------------+--------+--------------+
; clock           ;                    ; User Pin ; None             ; 0.000 ns      ; 0.000 ns     ; --       ; N/A                   ; N/A                 ; N/A    ;              ;
+-----------------+--------------------+----------+------------------+---------------+--------------+----------+-----------------------+---------------------+--------+--------------+


Parallel compilation was disabled, but you have multiple processors available. Enable parallel compilation to reduce compilation time.
+-------------------------------------+
; Parallel Compilation                ;
+----------------------------+--------+
; Processors                 ; Number ;
+----------------------------+--------+
; Number detected on machine ; 2      ;
; Maximum allowed            ; 1      ;
+----------------------------+--------+


+----------------------------------------------------------------------------------------------------------------------------------------------------------------------------------------------------------------+
; Clock Setup: 'clock'                                                                                                                                                                                           ;
+-------+------------------------------------------------+---------------------+---------------------+------------+----------+-----------------------------+---------------------------+-------------------------+
; Slack ; Actual fmax (period)                           ; From                ; To                  ; From Clock ; To Clock ; Required Setup Relationship ; Required Longest P2P Time ; Actual Longest P2P Time ;
+-------+------------------------------------------------+---------------------+---------------------+------------+----------+-----------------------------+---------------------------+-------------------------+
; N/A   ; Restricted to 420.17 MHz ( period = 2.380 ns ) ; flipflop:inst0|temp ; flipflop:inst1|temp ; clock      ; clock    ; None                        ; None                      ; 0.818 ns                ;
; N/A   ; Restricted to 420.17 MHz ( period = 2.380 ns ) ; flipflop:inst1|temp ; flipflop:inst2|temp ; clock      ; clock    ; None                        ; None                      ; 0.818 ns                ;
; N/A   ; Restricted to 420.17 MHz ( period = 2.380 ns ) ; flipflop:inst2|temp ; flipflop:inst1|temp ; clock      ; clock    ; None                        ; None                      ; 0.588 ns                ;
; N/A   ; Restricted to 420.17 MHz ( period = 2.380 ns ) ; flipflop:inst0|temp ; flipflop:inst2|temp ; clock      ; clock    ; None                        ; None                      ; 0.549 ns                ;
; N/A   ; Restricted to 420.17 MHz ( period = 2.380 ns ) ; flipflop:inst0|temp ; flipflop:inst0|temp ; clock      ; clock    ; None                        ; None                      ; 0.407 ns                ;
; N/A   ; Restricted to 420.17 MHz ( period = 2.380 ns ) ; flipflop:inst1|temp ; flipflop:inst1|temp ; clock      ; clock    ; None                        ; None                      ; 0.407 ns                ;
; N/A   ; Restricted to 420.17 MHz ( period = 2.380 ns ) ; flipflop:inst2|temp ; flipflop:inst2|temp ; clock      ; clock    ; None                        ; None                      ; 0.407 ns                ;
; N/A   ; Restricted to 420.17 MHz ( period = 2.380 ns ) ; flipflop:inst3|temp ; flipflop:inst3|temp ; clock      ; clock    ; None                        ; None                      ; 0.407 ns                ;
+-------+------------------------------------------------+---------------------+---------------------+------------+----------+-----------------------------+---------------------------+-------------------------+


+----------------------------------------------------------------------------+
; tsu                                                                        ;
+-------+--------------+------------+-------+---------------------+----------+
; Slack ; Required tsu ; Actual tsu ; From  ; To                  ; To Clock ;
+-------+--------------+------------+-------+---------------------+----------+
; N/A   ; None         ; 4.426 ns   ; gnd0  ; flipflop:inst3|temp ; clock    ;
; N/A   ; None         ; 4.230 ns   ; vcc   ; flipflop:inst0|temp ; clock    ;
; N/A   ; None         ; 1.059 ns   ; reset ; flipflop:inst1|temp ; clock    ;
; N/A   ; None         ; 1.037 ns   ; reset ; flipflop:inst2|temp ; clock    ;
; N/A   ; None         ; 0.815 ns   ; reset ; flipflop:inst0|temp ; clock    ;
; N/A   ; None         ; 0.812 ns   ; reset ; flipflop:inst3|temp ; clock    ;
+-------+--------------+------------+-------+---------------------+----------+


+----------------------------------------------------------------------------------+
; th                                                                               ;
+---------------+-------------+-----------+-------+---------------------+----------+
; Minimum Slack ; Required th ; Actual th ; From  ; To                  ; To Clock ;
+---------------+-------------+-----------+-------+---------------------+----------+
; N/A           ; None        ; -0.582 ns ; reset ; flipflop:inst3|temp ; clock    ;
; N/A           ; None        ; -0.585 ns ; reset ; flipflop:inst0|temp ; clock    ;
; N/A           ; None        ; -0.807 ns ; reset ; flipflop:inst2|temp ; clock    ;
; N/A           ; None        ; -0.829 ns ; reset ; flipflop:inst1|temp ; clock    ;
; N/A           ; None        ; -4.000 ns ; vcc   ; flipflop:inst0|temp ; clock    ;
; N/A           ; None        ; -4.196 ns ; gnd0  ; flipflop:inst3|temp ; clock    ;
+---------------+-------------+-----------+-------+---------------------+----------+


+--------------------------+
; Timing Analyzer Messages ;
+--------------------------+
Info: *******************************************************************
Info: Running Quartus II Classic Timing Analyzer
    Info: Version 9.1 Build 350 03/24/2010 Service Pack 2 SJ Web Edition
    Info: Processing started: Mon Sep 25 20:43:21 2017
Info: Command: quartus_tan --read_settings_files=off --write_settings_files=off flipflop -c flipflop --timing_analysis_only
Warning: Timing Analysis is analyzing one or more combinational loops as latches
    Warning: Node "bcd:inst24|led[6]" is a latch
    Warning: Node "bcd:inst24|led[5]" is a latch
    Warning: Node "bcd:inst24|led[4]" is a latch
    Warning: Node "bcd:inst24|led[3]" is a latch
    Warning: Node "bcd:inst24|led[2]" is a latch
    Warning: Node "bcd:inst24|led[1]" is a latch
    Warning: Node "bcd:inst24|led[0]" is a latch
Warning: Found pins functioning as undefined clocks and/or memory enables
    Info: Assuming node "clock" is an undefined clock
Info: Clock "clock" Internal fmax is restricted to 420.17 MHz between source register "flipflop:inst0|temp" and destination register "flipflop:inst1|temp"
    Info: fmax restricted to clock pin edge rate 2.38 ns. Expand message to see actual delay path.
        Info: + Longest register to register delay is 0.818 ns
            Info: 1: + IC(0.000 ns) + CELL(0.000 ns) = 0.000 ns; Loc. = LCFF_X24_Y1_N1; Fanout = 13; REG Node = 'flipflop:inst0|temp'
            Info: 2: + IC(0.318 ns) + CELL(0.416 ns) = 0.734 ns; Loc. = LCCOMB_X24_Y1_N10; Fanout = 1; COMB Node = 'flipflop:inst1|temp~0'
            Info: 3: + IC(0.000 ns) + CELL(0.084 ns) = 0.818 ns; Loc. = LCFF_X24_Y1_N11; Fanout = 13; REG Node = 'flipflop:inst1|temp'
            Info: Total cell delay = 0.500 ns ( 61.12 % )
            Info: Total interconnect delay = 0.318 ns ( 38.88 % )
        Info: - Smallest clock skew is 0.000 ns
            Info: + Shortest clock path from clock "clock" to destination register is 2.688 ns
                Info: 1: + IC(0.000 ns) + CELL(0.999 ns) = 0.999 ns; Loc. = PIN_N25; Fanout = 1; CLK Node = 'clock'
                Info: 2: + IC(0.118 ns) + CELL(0.000 ns) = 1.117 ns; Loc. = CLKCTRL_G6; Fanout = 4; COMB Node = 'clock~clkctrl'
                Info: 3: + IC(1.034 ns) + CELL(0.537 ns) = 2.688 ns; Loc. = LCFF_X24_Y1_N11; Fanout = 13; REG Node = 'flipflop:inst1|temp'
                Info: Total cell delay = 1.536 ns ( 57.14 % )
                Info: Total interconnect delay = 1.152 ns ( 42.86 % )
            Info: - Longest clock path from clock "clock" to source register is 2.688 ns
                Info: 1: + IC(0.000 ns) + CELL(0.999 ns) = 0.999 ns; Loc. = PIN_N25; Fanout = 1; CLK Node = 'clock'
                Info: 2: + IC(0.118 ns) + CELL(0.000 ns) = 1.117 ns; Loc. = CLKCTRL_G6; Fanout = 4; COMB Node = 'clock~clkctrl'
                Info: 3: + IC(1.034 ns) + CELL(0.537 ns) = 2.688 ns; Loc. = LCFF_X24_Y1_N1; Fanout = 13; REG Node = 'flipflop:inst0|temp'
                Info: Total cell delay = 1.536 ns ( 57.14 % )
                Info: Total interconnect delay = 1.152 ns ( 42.86 % )
        Info: + Micro clock to output delay of source is 0.250 ns
        Info: + Micro setup delay of destination is -0.036 ns
Info: tsu for register "flipflop:inst3|temp" (data pin = "gnd0", clock pin = "clock") is 4.426 ns
    Info: + Longest pin to register delay is 7.150 ns
        Info: 1: + IC(0.000 ns) + CELL(0.852 ns) = 0.852 ns; Loc. = PIN_V2; Fanout = 1; PIN Node = 'gnd0'
        Info: 2: + IC(5.776 ns) + CELL(0.438 ns) = 7.066 ns; Loc. = LCCOMB_X24_Y1_N30; Fanout = 1; COMB Node = 'flipflop:inst3|temp~0'
        Info: 3: + IC(0.000 ns) + CELL(0.084 ns) = 7.150 ns; Loc. = LCFF_X24_Y1_N31; Fanout = 13; REG Node = 'flipflop:inst3|temp'
        Info: Total cell delay = 1.374 ns ( 19.22 % )
        Info: Total interconnect delay = 5.776 ns ( 80.78 % )
    Info: + Micro setup delay of destination is -0.036 ns
    Info: - Shortest clock path from clock "clock" to destination register is 2.688 ns
        Info: 1: + IC(0.000 ns) + CELL(0.999 ns) = 0.999 ns; Loc. = PIN_N25; Fanout = 1; CLK Node = 'clock'
        Info: 2: + IC(0.118 ns) + CELL(0.000 ns) = 1.117 ns; Loc. = CLKCTRL_G6; Fanout = 4; COMB Node = 'clock~clkctrl'
        Info: 3: + IC(1.034 ns) + CELL(0.537 ns) = 2.688 ns; Loc. = LCFF_X24_Y1_N31; Fanout = 13; REG Node = 'flipflop:inst3|temp'
        Info: Total cell delay = 1.536 ns ( 57.14 % )
        Info: Total interconnect delay = 1.152 ns ( 42.86 % )
Info: th for register "flipflop:inst3|temp" (data pin = "reset", clock pin = "clock") is -0.582 ns
    Info: + Longest clock path from clock "clock" to destination register is 2.688 ns
        Info: 1: + IC(0.000 ns) + CELL(0.999 ns) = 0.999 ns; Loc. = PIN_N25; Fanout = 1; CLK Node = 'clock'
        Info: 2: + IC(0.118 ns) + CELL(0.000 ns) = 1.117 ns; Loc. = CLKCTRL_G6; Fanout = 4; COMB Node = 'clock~clkctrl'
        Info: 3: + IC(1.034 ns) + CELL(0.537 ns) = 2.688 ns; Loc. = LCFF_X24_Y1_N31; Fanout = 13; REG Node = 'flipflop:inst3|temp'
        Info: Total cell delay = 1.536 ns ( 57.14 % )
        Info: Total interconnect delay = 1.152 ns ( 42.86 % )
    Info: + Micro hold delay of destination is 0.266 ns
    Info: - Shortest pin to register delay is 3.536 ns
        Info: 1: + IC(0.000 ns) + CELL(0.999 ns) = 0.999 ns; Loc. = PIN_N26; Fanout = 4; PIN Node = 'reset'
        Info: 2: + IC(2.303 ns) + CELL(0.150 ns) = 3.452 ns; Loc. = LCCOMB_X24_Y1_N30; Fanout = 1; COMB Node = 'flipflop:inst3|temp~0'
        Info: 3: + IC(0.000 ns) + CELL(0.084 ns) = 3.536 ns; Loc. = LCFF_X24_Y1_N31; Fanout = 13; REG Node = 'flipflop:inst3|temp'
        Info: Total cell delay = 1.233 ns ( 34.87 % )
        Info: Total interconnect delay = 2.303 ns ( 65.13 % )
Info: Quartus II Classic Timing Analyzer was successful. 0 errors, 9 warnings
    Info: Peak virtual memory: 129 megabytes
    Info: Processing ended: Mon Sep 25 20:43:22 2017
    Info: Elapsed time: 00:00:01
    Info: Total CPU time (on all processors): 00:00:00


